<?xml version="1.0" encoding="UTF-8"?>
<testng-results ignored="0" total="1" passed="1" failed="0" skipped="0">
  <reporter-output>
  </reporter-output>
  <suite started-at="2021-10-14T19:35:32Z" name="Default suite" finished-at="2021-10-14T19:35:43Z" duration-ms="11420">
    <groups>
    </groups>
    <test started-at="2021-10-14T19:35:32Z" name="Default test" finished-at="2021-10-14T19:35:43Z" duration-ms="11420">
      <class name="com.sample.test.demo.tests.DemoTest">
        <test-method is-config="true" signature="init()[pri:0, instance:com.sample.test.demo.tests.DemoTest@506ae4d4]" started-at="2021-10-14T19:35:32Z" name="init" finished-at="2021-10-14T19:35:42Z" duration-ms="10715" status="PASS">
          <reporter-output>
          </reporter-output>
        </test-method> <!-- init -->
        <test-method signature="demoTest()[pri:0, instance:com.sample.test.demo.tests.DemoTest@506ae4d4]" started-at="2021-10-14T19:35:42Z" name="demoTest" finished-at="2021-10-14T19:35:42Z" duration-ms="10" status="PASS">
          <reporter-output>
          </reporter-output>
        </test-method> <!-- demoTest -->
        <test-method is-config="true" signature="tearDown()[pri:0, instance:com.sample.test.demo.tests.DemoTest@506ae4d4]" started-at="2021-10-14T19:35:42Z" name="tearDown" finished-at="2021-10-14T19:35:43Z" duration-ms="651" status="PASS">
          <reporter-output>
          </reporter-output>
        </test-method> <!-- tearDown -->
      </class> <!-- com.sample.test.demo.tests.DemoTest -->
    </test> <!-- Default test -->
  </suite> <!-- Default suite -->
</testng-results>
